{
Instancia: instances/qbf020
Interações: 10000000
	Tamanho Tabu: 20
	Algoritmo: Diversification > Limite = 1000
		Best Improving: SIM
			(Iter. 0) BestSol = Solution: cost=[-99.0], size=[9], elements=[17, 5, 4, 14, 1, 9, 8, 12, 0]
			Tempo: 1559.422 s
			Interações: 10000000
		Best Improving: NÂO
			(Iter. 0) BestSol = Solution: cost=[-80.0], size=[11], elements=[4, 2, 14, 12, 16, 9, 18, 0, 1, 8, 10]
			(Iter. 1) BestSol = Solution: cost=[-102.0], size=[11], elements=[4, 2, 14, 12, 16, 9, 18, 0, 1, 8, 5]
			(Iter. 3) BestSol = Solution: cost=[-120.0], size=[10], elements=[2, 14, 12, 16, 9, 18, 0, 1, 8, 4]
			Tempo: 1267.704 s
			Interações: 10000000
	Tamanho Tabu: 100
	Algoritmo: Diversification > Limite = 1000
		Best Improving: SIM
			(Iter. 0) BestSol = Solution: cost=[-120.0], size=[10], elements=[4, 2, 14, 12, 16, 9, 18, 1, 0, 8]
			Tempo: 1252.511 s
			Interações: 10000000
		Best Improving: NÂO
			(Iter. 0) BestSol = Solution: cost=[-80.0], size=[11], elements=[4, 2, 14, 12, 16, 9, 18, 1, 0, 8, 10]
			(Iter. 1) BestSol = Solution: cost=[-102.0], size=[11], elements=[4, 2, 14, 12, 16, 9, 18, 1, 0, 8, 5]
			(Iter. 3) BestSol = Solution: cost=[-120.0], size=[10], elements=[2, 14, 12, 16, 9, 18, 1, 0, 8, 4]
			Tempo: 1503.542 s
			Interações: 10000000

}
{
Instancia: instances/qbf040
Interações: 100000000
	Tamanho Tabu: 20
	Algoritmo: Diversification > Limite = 1000
		Best Improving: SIM
			(Iter. 0) BestSol = Solution: cost=[-262.0], size=[17], elements=[37, 1, 24, 19, 25, 7, 2, 3, 21, 14, 18, 28, 11, 36, 12, 34, 23]
			Tempo: 1800.0 s
			Interações: 6814894
		Best Improving: NÂO
			(Iter. 0) BestSol = Solution: cost=[-244.0], size=[17], elements=[37, 1, 24, 19, 25, 7, 2, 3, 14, 21, 18, 28, 11, 36, 12, 34, 10]
			(Iter. 37) BestSol = Solution: cost=[-246.0], size=[16], elements=[8, 34, 25, 37, 24, 1, 19, 7, 2, 3, 18, 14, 21, 28, 11, 36]
			(Iter. 38) BestSol = Solution: cost=[-254.0], size=[17], elements=[8, 34, 25, 37, 24, 1, 19, 7, 2, 3, 18, 14, 21, 28, 11, 36, 12]
			Tempo: 1800.0 s
			Interações: 5996075
	Tamanho Tabu: 100
	Algoritmo: Diversification > Limite = 1000
		Best Improving: SIM
			(Iter. 0) BestSol = Solution: cost=[-265.0], size=[17], elements=[8, 20, 14, 1, 25, 24, 19, 21, 2, 3, 18, 37, 29, 36, 4, 11, 28]
			(Iter. 2) BestSol = Solution: cost=[-281.0], size=[17], elements=[14, 1, 25, 24, 19, 21, 2, 3, 18, 37, 29, 36, 4, 11, 28, 23, 34]
			(Iter. 3) BestSol = Solution: cost=[-286.0], size=[18], elements=[14, 1, 25, 24, 19, 21, 2, 3, 18, 37, 29, 36, 4, 11, 28, 23, 34, 31]
			(Iter. 4) BestSol = Solution: cost=[-298.0], size=[19], elements=[14, 1, 25, 24, 19, 21, 2, 3, 18, 37, 29, 36, 4, 11, 28, 23, 34, 31, 9]
			Tempo: 1800.0 s
			Interações: 5051697
		Best Improving: NÂO
			(Iter. 0) BestSol = Solution: cost=[-273.0], size=[18], elements=[24, 1, 22, 8, 7, 31, 36, 34, 19, 35, 23, 9, 18, 14, 2, 26, 10, 4]
			(Iter. 120) BestSol = Solution: cost=[-283.0], size=[17], elements=[22, 8, 24, 1, 35, 10, 7, 34, 19, 2, 31, 36, 23, 9, 18, 14, 26]
			Tempo: 1800.0 s
			Interações: 5222435

}
{
Instancia: instances/qbf060
Interações: 1000000000
	Tamanho Tabu: 20
	Algoritmo: Diversification > Limite = 1000
		Best Improving: SIM
			(Iter. 0) BestSol = Solution: cost=[-431.0], size=[24], elements=[13, 42, 44, 56, 38, 43, 14, 23, 17, 29, 51, 53, 4, 34, 31, 24, 22, 49, 41, 35, 26, 50, 37, 7]
			(Iter. 1) BestSol = Solution: cost=[-441.0], size=[24], elements=[13, 42, 44, 56, 38, 43, 14, 23, 17, 29, 51, 53, 4, 34, 31, 24, 22, 49, 35, 26, 50, 37, 7, 55]
			Tempo: 1800.0 s
			Interações: 3179268
		Best Improving: NÂO
			(Iter. 0) BestSol = Solution: cost=[-445.0], size=[28], elements=[28, 3, 17, 16, 11, 34, 40, 49, 26, 38, 44, 42, 21, 51, 56, 4, 55, 30, 12, 41, 24, 29, 35, 53, 59, 14, 46, 10]
			(Iter. 2) BestSol = Solution: cost=[-469.0], size=[28], elements=[28, 3, 17, 16, 11, 34, 49, 26, 38, 44, 42, 21, 51, 56, 4, 55, 30, 12, 41, 24, 29, 35, 53, 59, 14, 46, 45, 22]
			Tempo: 1800.0 s
			Interações: 3072586
	Tamanho Tabu: 100
	Algoritmo: Diversification > Limite = 1000
		Best Improving: SIM
			(Iter. 0) BestSol = Solution: cost=[-470.0], size=[27], elements=[3, 28, 17, 16, 11, 34, 40, 49, 26, 38, 44, 42, 21, 51, 56, 4, 55, 30, 12, 41, 24, 29, 35, 53, 59, 14, 46]
			Tempo: 1800.0 s
			Interações: 2876457
		Best Improving: NÂO
			(Iter. 0) BestSol = Solution: cost=[-399.0], size=[24], elements=[13, 42, 44, 56, 43, 38, 14, 23, 17, 29, 51, 53, 4, 34, 31, 24, 49, 22, 41, 35, 26, 50, 37, 5]
			(Iter. 4) BestSol = Solution: cost=[-406.0], size=[24], elements=[13, 44, 56, 43, 38, 14, 23, 17, 29, 51, 53, 4, 34, 31, 24, 49, 22, 35, 26, 50, 7, 9, 47, 42]
			(Iter. 6) BestSol = Solution: cost=[-411.0], size=[24], elements=[13, 44, 56, 43, 38, 14, 23, 17, 29, 51, 53, 4, 31, 24, 49, 22, 35, 26, 50, 7, 47, 42, 20, 37]
			(Iter. 7) BestSol = Solution: cost=[-421.0], size=[24], elements=[13, 44, 56, 43, 38, 14, 23, 17, 29, 51, 53, 4, 31, 24, 49, 22, 35, 26, 50, 7, 42, 20, 37, 34]
			(Iter. 210) BestSol = Solution: cost=[-428.0], size=[25], elements=[23, 49, 35, 26, 4, 50, 43, 13, 44, 38, 14, 17, 56, 29, 51, 53, 31, 24, 22, 7, 42, 20, 37, 34, 41]
			(Iter. 211) BestSol = Solution: cost=[-431.0], size=[24], elements=[23, 49, 35, 26, 4, 50, 43, 13, 44, 38, 14, 17, 56, 29, 51, 53, 31, 24, 22, 7, 42, 37, 34, 41]
			Tempo: 1800.0 s
			Interações: 2889509

}
{
Instancia: instances/qbf080
Interações: 1000000000
	Tamanho Tabu: 20
	Algoritmo: Diversification > Limite = 1000
		Best Improving: SIM
			(Iter. 0) BestSol = Solution: cost=[-769.0], size=[35], elements=[33, 1, 62, 64, 2, 37, 73, 71, 75, 9, 76, 24, 74, 13, 23, 46, 55, 3, 49, 42, 58, 70, 44, 51, 54, 18, 47, 4, 48, 7, 31, 36, 43, 57, 63]
