{
Instancia: instances/qbf020
Interações: 1000000000
	Tamanho Tabu: 20
	Algoritmo: Padrão
		Best Improving: SIM
			(Iter. 0) BestSol = Solution: cost=[-99.0], size=[9], elements=[17, 5, 4, 14, 1, 9, 8, 12, 0]
			Tempo: 1800.0 s
			Interações: 76673201
		Best Improving: NÂO
			(Iter. 0) BestSol = Solution: cost=[-80.0], size=[11], elements=[4, 2, 14, 12, 16, 9, 18, 0, 1, 8, 10]
			(Iter. 1) BestSol = Solution: cost=[-102.0], size=[11], elements=[4, 2, 14, 12, 16, 9, 18, 0, 1, 8, 5]
			(Iter. 3) BestSol = Solution: cost=[-120.0], size=[10], elements=[2, 14, 12, 16, 9, 18, 0, 1, 8, 4]
			Tempo: 1800.0 s
			Interações: 139476385
	Algoritmo: Diversification > Limite = 1000
		Best Improving: SIM
			(Iter. 0) BestSol = Solution: cost=[-120.0], size=[10], elements=[4, 2, 14, 12, 16, 9, 18, 1, 0, 8]
			Tempo: 1800.0 s
			Interações: 12875010
		Best Improving: NÂO
			(Iter. 0) BestSol = Solution: cost=[-120.0], size=[10], elements=[4, 2, 14, 12, 16, 9, 18, 1, 0, 8]
			Tempo: 1800.0 s
			Interações: 12804317
	Tamanho Tabu: 100
	Algoritmo: Padrão
		Best Improving: SIM
			(Iter. 0) BestSol = Solution: cost=[-99.0], size=[9], elements=[17, 5, 4, 14, 1, 9, 8, 12, 0]
			Tempo: 1800.0 s
			Interações: 81998332
		Best Improving: NÂO
			(Iter. 0) BestSol = Solution: cost=[-90.0], size=[9], elements=[5, 4, 14, 1, 9, 8, 12, 0, 13]
			(Iter. 1) BestSol = Solution: cost=[-95.0], size=[9], elements=[4, 14, 1, 9, 8, 12, 0, 13, 17]
			(Iter. 3) BestSol = Solution: cost=[-99.0], size=[9], elements=[4, 14, 1, 9, 8, 12, 0, 17, 5]
			Tempo: 1800.0 s
			Interações: 74721383
	Algoritmo: Diversification > Limite = 1000
		Best Improving: SIM
			(Iter. 0) BestSol = Solution: cost=[-99.0], size=[9], elements=[17, 5, 4, 14, 1, 9, 8, 12, 0]
			Tempo: 1800.0 s
			Interações: 11611677
		Best Improving: NÂO
			(Iter. 0) BestSol = Solution: cost=[-99.0], size=[9], elements=[17, 4, 9, 14, 1, 8, 0, 12, 5]
			Tempo: 1800.0 s
			Interações: 11609008

}
{
Instancia: instances/qbf040
Interações: 1000000000
	Tamanho Tabu: 20
	Algoritmo: Padrão
		Best Improving: SIM
			(Iter. 0) BestSol = Solution: cost=[-294.0], size=[19], elements=[24, 1, 22, 8, 3, 36, 18, 14, 23, 2, 31, 7, 19, 34, 25, 26, 9, 4, 11]
			Tempo: 1800.0 s
			Interações: 14126235
		Best Improving: NÂO
			(Iter. 0) BestSol = Solution: cost=[-244.0], size=[17], elements=[37, 1, 24, 19, 25, 7, 2, 3, 21, 14, 18, 28, 11, 36, 12, 34, 10]
			(Iter. 37) BestSol = Solution: cost=[-246.0], size=[16], elements=[8, 34, 25, 37, 24, 1, 19, 7, 2, 3, 18, 21, 28, 14, 11, 36]
			(Iter. 38) BestSol = Solution: cost=[-254.0], size=[17], elements=[8, 34, 25, 37, 24, 1, 19, 7, 2, 3, 18, 21, 28, 14, 11, 36, 12]
			Tempo: 1800.0 s
			Interações: 22888784
	Algoritmo: Diversification > Limite = 1000
		Best Improving: SIM
			(Iter. 0) BestSol = Solution: cost=[-265.0], size=[17], elements=[8, 20, 14, 1, 25, 24, 19, 21, 2, 3, 18, 37, 29, 28, 4, 36, 11]
			(Iter. 2) BestSol = Solution: cost=[-281.0], size=[17], elements=[14, 1, 25, 24, 19, 21, 2, 3, 18, 37, 29, 28, 4, 36, 11, 23, 34]
			(Iter. 3) BestSol = Solution: cost=[-286.0], size=[18], elements=[14, 1, 25, 24, 19, 21, 2, 3, 18, 37, 29, 28, 4, 36, 11, 23, 34, 31]
			(Iter. 4) BestSol = Solution: cost=[-298.0], size=[19], elements=[14, 1, 25, 24, 19, 21, 2, 3, 18, 37, 29, 28, 4, 36, 11, 23, 34, 31, 9]
			Tempo: 1800.0 s
			Interações: 5377981
		Best Improving: NÂO
			(Iter. 0) BestSol = Solution: cost=[-294.0], size=[19], elements=[24, 1, 22, 8, 3, 36, 18, 14, 23, 2, 31, 7, 19, 34, 25, 26, 9, 4, 11]
			Tempo: 1800.0 s
			Interações: 5389253
	Tamanho Tabu: 100
	Algoritmo: Padrão
		Best Improving: SIM
			(Iter. 0) BestSol = Solution: cost=[-262.0], size=[17], elements=[37, 1, 24, 19, 25, 7, 2, 3, 14, 21, 18, 28, 11, 36, 12, 34, 23]
			Tempo: 1800.0 s
			Interações: 22410818
		Best Improving: NÂO
			(Iter. 0) BestSol = Solution: cost=[-281.0], size=[19], elements=[24, 1, 8, 3, 36, 18, 14, 23, 2, 31, 7, 19, 34, 25, 26, 9, 4, 11, 15]
			(Iter. 1) BestSol = Solution: cost=[-294.0], size=[19], elements=[24, 1, 8, 3, 36, 18, 14, 23, 2, 31, 7, 19, 34, 25, 26, 9, 4, 11, 22]
			Tempo: 1800.0 s
			Interações: 16645257
	Algoritmo: Diversification > Limite = 1000
		Best Improving: SIM
			(Iter. 0) BestSol = Solution: cost=[-262.0], size=[17], elements=[37, 1, 24, 19, 25, 7, 2, 3, 21, 14, 18, 28, 11, 36, 12, 34, 23]
			Tempo: 1800.0 s
			Interações: 6118752
		Best Improving: NÂO
			(Iter. 0) BestSol = Solution: cost=[-282.0], size=[20], elements=[8, 14, 1, 25, 24, 18, 6, 22, 36, 31, 3, 23, 7, 4, 11, 9, 15, 21, 34, 0]
			(Iter. 1) BestSol = Solution: cost=[-291.0], size=[19], elements=[14, 1, 25, 24, 18, 6, 22, 36, 31, 3, 23, 7, 4, 11, 9, 15, 21, 34, 0]
			(Iter. 2) BestSol = Solution: cost=[-295.0], size=[18], elements=[14, 1, 25, 24, 18, 22, 36, 31, 3, 23, 7, 4, 11, 9, 15, 21, 34, 0]
			(Iter. 3) BestSol = Solution: cost=[-297.0], size=[17], elements=[14, 1, 24, 18, 22, 36, 31, 3, 23, 7, 4, 11, 9, 15, 21, 34, 0]
			Tempo: 1800.0 s
			Interações: 5822012

}
{
Instancia: instances/qbf060
Interações: 1000000000
	Tamanho Tabu: 20
	Algoritmo: Padrão
		Best Improving: SIM
			(Iter. 0) BestSol = Solution: cost=[-470.0], size=[27], elements=[3, 28, 17, 16, 11, 34, 38, 40, 26, 49, 44, 42, 21, 51, 56, 4, 55, 30, 12, 41, 24, 29, 35, 53, 59, 14, 46]
			Tempo: 1800.0 s
			Interações: 4531643
		Best Improving: NÂO
			(Iter. 0) BestSol = Solution: cost=[-406.0], size=[25], elements=[57, 30, 11, 28, 17, 3, 26, 40, 49, 44, 4, 38, 21, 41, 16, 45, 22, 23, 8, 6, 2, 59, 18, 33, 24]
			(Iter. 1) BestSol = Solution: cost=[-414.0], size=[24], elements=[57, 30, 11, 28, 17, 3, 26, 40, 49, 44, 4, 38, 21, 41, 16, 45, 22, 23, 8, 6, 2, 59, 18, 24]
			Tempo: 1800.0 s
			Interações: 7500415
	Algoritmo: Diversification > Limite = 1000
		Best Improving: SIM
			(Iter. 0) BestSol = Solution: cost=[-443.0], size=[27], elements=[42, 44, 56, 21, 43, 38, 14, 54, 29, 51, 17, 2, 26, 4, 30, 55, 35, 59, 23, 8, 3, 6, 45, 24, 19, 33, 49]
			Tempo: 1800.0 s
			Interações: 2792625
		Best Improving: NÂO
			(Iter. 0) BestSol = Solution: cost=[-446.0], size=[25], elements=[13, 42, 44, 56, 43, 38, 14, 54, 29, 51, 17, 2, 26, 4, 30, 55, 35, 59, 49, 24, 3, 19, 16, 33, 12]
			(Iter. 1) BestSol = Solution: cost=[-454.0], size=[24], elements=[13, 42, 44, 56, 43, 38, 14, 54, 29, 51, 17, 2, 26, 4, 30, 55, 35, 59, 49, 24, 3, 19, 16, 33]
			Tempo: 1800.0 s
			Interações: 2929268
	Tamanho Tabu: 100
	Algoritmo: Padrão
		Best Improving: SIM
			(Iter. 0) BestSol = Solution: cost=[-426.0], size=[29], elements=[44, 18, 0, 11, 45, 33, 16, 2, 20, 24, 27, 29, 46, 30, 4, 41, 22, 17, 38, 49, 34, 56, 52, 53, 23, 42, 28, 40, 1]
			Tempo: 1800.0 s
			Interações: 6190770
		Best Improving: NÂO
			(Iter. 0) BestSol = Solution: cost=[-377.0], size=[24], elements=[44, 21, 57, 39, 3, 27, 54, 45, 11, 28, 0, 48, 33, 19, 16, 41, 30, 24, 49, 4, 22, 34, 23, 9]
			(Iter. 1) BestSol = Solution: cost=[-403.0], size=[24], elements=[44, 21, 57, 39, 3, 27, 45, 11, 28, 0, 48, 33, 19, 16, 41, 30, 24, 49, 4, 22, 34, 23, 9, 18]
			Tempo: 1800.0 s
			Interações: 4825220
	Algoritmo: Diversification > Limite = 1000
		Best Improving: SIM
			(Iter. 0) BestSol = Solution: cost=[-413.0], size=[24], elements=[57, 9, 30, 11, 28, 17, 3, 26, 40, 49, 44, 4, 38, 21, 41, 16, 45, 22, 23, 8, 6, 2, 59, 18]
			(Iter. 1) BestSol = Solution: cost=[-414.0], size=[24], elements=[57, 30, 11, 28, 17, 3, 26, 40, 49, 44, 4, 38, 21, 41, 16, 45, 22, 23, 8, 6, 2, 59, 18, 24]
			Tempo: 1800.0 s
			Interações: 2738702
		Best Improving: NÂO
			(Iter. 0) BestSol = Solution: cost=[-431.0], size=[24], elements=[13, 42, 44, 56, 43, 38, 14, 23, 17, 29, 51, 53, 4, 34, 31, 24, 49, 22, 41, 35, 26, 50, 37, 7]
			(Iter. 1) BestSol = Solution: cost=[-441.0], size=[24], elements=[13, 42, 44, 56, 43, 38, 14, 23, 17, 29, 51, 53, 4, 34, 31, 24, 49, 22, 35, 26, 50, 37, 7, 55]
			Tempo: 1800.0 s
			Interações: 2996341

}
{
Instancia: instances/qbf080
Interações: 1000000000
	Tamanho Tabu: 20
	Algoritmo: Padrão
		Best Improving: SIM
			(Iter. 0) BestSol = Solution: cost=[-755.0], size=[36], elements=[23, 48, 37, 36, 2, 62, 18, 47, 31, 54, 58, 46, 64, 71, 19, 60, 9, 44, 20, 13, 65, 42, 3, 1, 43, 73, 24, 76, 22, 70, 4, 8, 49, 66, 5, 25]
			(Iter. 2) BestSol = Solution: cost=[-759.0], size=[34], elements=[23, 48, 37, 2, 62, 18, 47, 31, 54, 58, 46, 64, 71, 19, 60, 9, 44, 20, 13, 65, 42, 3, 1, 43, 73, 24, 76, 22, 70, 4, 8, 49, 5, 25]
			Tempo: 1800.0 s
			Interações: 1919013
		Best Improving: NÂO
			(Iter. 0) BestSol = Solution: cost=[-750.0], size=[35], elements=[0, 72, 25, 37, 51, 49, 30, 18, 13, 52, 47, 24, 73, 2, 71, 1, 74, 64, 62, 76, 43, 55, 44, 67, 70, 46, 58, 22, 42, 19, 75, 9, 8, 60, 4]
			(Iter. 25356) BestSol = Solution: cost=[-753.0], size=[33], elements=[18, 1, 51, 44, 13, 2, 43, 42, 19, 58, 9, 70, 37, 73, 75, 71, 62, 47, 72, 24, 22, 64, 76, 74, 46, 55, 0, 52, 49, 30, 25, 67, 8]
			(Iter. 768955) BestSol = Solution: cost=[-758.0], size=[34], elements=[51, 44, 13, 1, 46, 30, 37, 8, 22, 18, 25, 49, 19, 64, 47, 62, 2, 71, 52, 74, 55, 24, 42, 75, 76, 58, 43, 72, 0, 9, 70, 67, 73, 60]
			Tempo: 1800.0 s
			Interações: 4475585
	Algoritmo: Diversification > Limite = 1000
		Best Improving: SIM
			(Iter. 0) BestSol = Solution: cost=[-628.0], size=[35], elements=[64, 41, 25, 0, 59, 47, 77, 48, 23, 16, 28, 65, 31, 15, 20, 38, 43, 8, 53, 68, 3, 14, 50, 13, 21, 37, 22, 60, 24, 18, 42, 51, 30, 52, 19]
			(Iter. 1) BestSol = Solution: cost=[-630.0], size=[35], elements=[64, 41, 25, 59, 47, 77, 48, 23, 16, 28, 65, 31, 15, 20, 38, 43, 8, 53, 68, 3, 14, 50, 13, 21, 37, 22, 60, 24, 18, 42, 51, 30, 52, 19, 46]
			(Iter. 2) BestSol = Solution: cost=[-631.0], size=[36], elements=[64, 41, 25, 59, 47, 77, 48, 23, 16, 28, 65, 31, 15, 20, 38, 43, 8, 53, 68, 3, 14, 50, 13, 21, 37, 22, 60, 24, 18, 42, 51, 30, 52, 19, 46, 58]
			Tempo: 1800.0 s
			Interações: 1704017
		Best Improving: NÂO
			(Iter. 0) BestSol = Solution: cost=[-755.0], size=[36], elements=[23, 48, 37, 36, 2, 62, 18, 47, 31, 54, 58, 46, 64, 71, 19, 60, 9, 44, 20, 13, 65, 42, 1, 3, 43, 73, 24, 76, 22, 70, 4, 8, 49, 66, 5, 25]
			(Iter. 2) BestSol = Solution: cost=[-759.0], size=[34], elements=[23, 48, 37, 2, 62, 18, 47, 31, 54, 58, 46, 64, 71, 19, 60, 9, 44, 20, 13, 65, 42, 1, 3, 43, 73, 24, 76, 22, 70, 4, 8, 49, 5, 25]
			Tempo: 1800.001 s
			Interações: 1605163
	Tamanho Tabu: 100
	Algoritmo: Padrão
		Best Improving: SIM
			(Iter. 0) BestSol = Solution: cost=[-705.0], size=[34], elements=[64, 38, 15, 20, 31, 65, 53, 7, 36, 47, 48, 2, 23, 37, 13, 25, 18, 54, 3, 4, 8, 49, 50, 5, 44, 34, 6, 73, 66, 71, 24, 69, 60, 79]
			(Iter. 1) BestSol = Solution: cost=[-709.0], size=[33], elements=[64, 38, 15, 20, 31, 65, 53, 7, 36, 47, 48, 2, 23, 37, 13, 25, 18, 54, 3, 4, 8, 49, 50, 5, 44, 34, 73, 66, 71, 24, 69, 60, 79]
			(Iter. 2) BestSol = Solution: cost=[-716.0], size=[33], elements=[64, 38, 15, 20, 31, 65, 53, 7, 36, 47, 48, 2, 23, 37, 13, 25, 18, 54, 3, 4, 8, 49, 50, 5, 44, 34, 73, 66, 71, 24, 69, 60, 1]
			Tempo: 1800.0 s
			Interações: 2050433
		Best Improving: NÂO
			(Iter. 0) BestSol = Solution: cost=[-699.0], size=[34], elements=[64, 38, 15, 20, 31, 65, 53, 7, 36, 47, 48, 2, 23, 37, 13, 25, 18, 54, 3, 4, 8, 49, 50, 44, 60, 69, 73, 5, 34, 71, 66, 24, 1, 6]
			(Iter. 1) BestSol = Solution: cost=[-705.0], size=[34], elements=[64, 38, 15, 20, 31, 65, 53, 7, 36, 47, 48, 2, 23, 37, 13, 25, 18, 54, 3, 4, 8, 49, 50, 44, 60, 69, 73, 5, 34, 71, 66, 24, 1, 9]
			(Iter. 2) BestSol = Solution: cost=[-707.0], size=[34], elements=[64, 38, 15, 20, 31, 65, 53, 7, 36, 47, 48, 2, 23, 37, 13, 25, 18, 54, 3, 4, 8, 49, 50, 44, 60, 69, 73, 5, 34, 71, 66, 24, 1, 22]
			(Iter. 137) BestSol = Solution: cost=[-715.0], size=[32], elements=[34, 69, 23, 36, 66, 64, 38, 73, 71, 15, 20, 65, 31, 53, 7, 47, 48, 2, 13, 37, 50, 25, 18, 54, 3, 4, 8, 49, 44, 60, 5, 24]
			(Iter. 138) BestSol = Solution: cost=[-716.0], size=[33], elements=[34, 69, 23, 36, 66, 64, 38, 73, 71, 15, 20, 65, 31, 53, 7, 47, 48, 2, 13, 37, 50, 25, 18, 54, 3, 4, 8, 49, 44, 60, 5, 24, 1]
			Tempo: 1800.0 s
			Interações: 2246789
	Algoritmo: Diversification > Limite = 1000
		Best Improving: SIM
			(Iter. 0) BestSol = Solution: cost=[-768.0], size=[34], elements=[64, 41, 62, 37, 48, 2, 47, 19, 58, 36, 31, 18, 43, 42, 8, 3, 54, 6, 14, 50, 61, 49, 60, 20, 7, 44, 21, 71, 76, 24, 22, 40, 4, 34]
			(Iter. 1) BestSol = Solution: cost=[-769.0], size=[33], elements=[64, 41, 62, 37, 48, 2, 47, 19, 58, 36, 31, 18, 43, 42, 8, 3, 54, 6, 14, 50, 61, 49, 60, 20, 44, 21, 71, 76, 24, 22, 40, 4, 34]
